Using pre-set license
Built from '2021.3/staging' branch; Version is '2021.3.10f1 (1c7d0df0160b) revision 1867021'; Using compiler version '192829333'; Build Type 'Release'
OS: 'Windows 10  (10.0.19044) 64bit EducationN' Language: 'no' Physical Memory: 32683 MB
BatchMode: 1, IsHumanControllingUs: 0, StartBugReporterOnCrash: 0, Is64bit: 1, IsPro: 1

COMMAND LINE ARGUMENTS:
C:\Program Files\Unity\Hub\Editor\2021.3.10f1\Editor\Unity.exe
-adb2
-batchMode
-noUpm
-name
AssetImportWorker2
-projectPath
C:/Users/Lars/Documents/NTNU/Semester-5/Spillprogrammering/this-symbiotic-world-of-ours/This_Symbiotic_World_Of_Ours
-logFile
Logs/AssetImportWorker2.log
-srvPort
64689
Successfully changed project path to: C:/Users/Lars/Documents/NTNU/Semester-5/Spillprogrammering/this-symbiotic-world-of-ours/This_Symbiotic_World_Of_Ours
C:/Users/Lars/Documents/NTNU/Semester-5/Spillprogrammering/this-symbiotic-world-of-ours/This_Symbiotic_World_Of_Ours
[UnityMemory] Configuration Parameters - Can be set up in boot.config
    "memorysetup-bucket-allocator-granularity=16"
    "memorysetup-bucket-allocator-bucket-count=8"
    "memorysetup-bucket-allocator-block-size=33554432"
    "memorysetup-bucket-allocator-block-count=8"
    "memorysetup-main-allocator-block-size=16777216"
    "memorysetup-thread-allocator-block-size=16777216"
    "memorysetup-gfx-main-allocator-block-size=16777216"
    "memorysetup-gfx-thread-allocator-block-size=16777216"
    "memorysetup-cache-allocator-block-size=4194304"
    "memorysetup-typetree-allocator-block-size=2097152"
    "memorysetup-profiler-bucket-allocator-granularity=16"
    "memorysetup-profiler-bucket-allocator-bucket-count=8"
    "memorysetup-profiler-bucket-allocator-block-size=33554432"
    "memorysetup-profiler-bucket-allocator-block-count=8"
    "memorysetup-profiler-allocator-block-size=16777216"
    "memorysetup-profiler-editor-allocator-block-size=1048576"
    "memorysetup-temp-allocator-size-main=16777216"
    "memorysetup-job-temp-allocator-block-size=2097152"
    "memorysetup-job-temp-allocator-block-size-background=1048576"
    "memorysetup-job-temp-allocator-reduction-small-platforms=262144"
    "memorysetup-temp-allocator-size-background-worker=32768"
    "memorysetup-temp-allocator-size-job-worker=262144"
    "memorysetup-temp-allocator-size-preload-manager=33554432"
    "memorysetup-temp-allocator-size-nav-mesh-worker=65536"
    "memorysetup-temp-allocator-size-audio-worker=65536"
    "memorysetup-temp-allocator-size-cloud-worker=32768"
    "memorysetup-temp-allocator-size-gi-baking-worker=262144"
    "memorysetup-temp-allocator-size-gfx=262144"
Refreshing native plugins compatible for Editor in 83.13 ms, found 4 plugins.
Preloading 0 native plugins for Editor in 0.00 ms.
Initialize engine version: 2021.3.10f1 (1c7d0df0160b)
[Subsystems] Discovering subsystems at path C:/Program Files/Unity/Hub/Editor/2021.3.10f1/Editor/Data/Resources/UnitySubsystems
[Subsystems] Discovering subsystems at path C:/Users/Lars/Documents/NTNU/Semester-5/Spillprogrammering/this-symbiotic-world-of-ours/This_Symbiotic_World_Of_Ours/Assets
GfxDevice: creating device client; threaded=0; jobified=0
Direct3D:
    Version:  Direct3D 11.0 [level 11.1]
    Renderer: NVIDIA GeForce RTX 3080 Ti (ID=0x2208)
    Vendor:   NVIDIA
    VRAM:     12108 MB
    Driver:   31.0.15.1694
Initialize mono
Mono path[0] = 'C:/Program Files/Unity/Hub/Editor/2021.3.10f1/Editor/Data/Managed'
Mono path[1] = 'C:/Program Files/Unity/Hub/Editor/2021.3.10f1/Editor/Data/MonoBleedingEdge/lib/mono/unityjit-win32'
Mono config path = 'C:/Program Files/Unity/Hub/Editor/2021.3.10f1/Editor/Data/MonoBleedingEdge/etc'
Using monoOptions --debugger-agent=transport=dt_socket,embedding=1,server=y,suspend=n,address=127.0.0.1:56044
Begin MonoManager ReloadAssembly
Registering precompiled unity dll's ...
Register platform support module: C:/Program Files/Unity/Hub/Editor/2021.3.10f1/Editor/Data/PlaybackEngines/WindowsStandaloneSupport/UnityEditor.WindowsStandalone.Extensions.dll
Registered in 0.005393 seconds.
Native extension for WindowsStandalone target not found
Refreshing native plugins compatible for Editor in 74.05 ms, found 4 plugins.
Preloading 0 native plugins for Editor in 0.00 ms.
Mono: successfully reloaded assembly
- Completed reload, in  0.491 seconds
Domain Reload Profiling:
	ReloadAssembly (491ms)
		BeginReloadAssembly (54ms)
			ExecutionOrderSort (0ms)
			DisableScriptedObjects (0ms)
			BackupInstance (0ms)
			ReleaseScriptingObjects (0ms)
			CreateAndSetChildDomain (0ms)
		EndReloadAssembly (358ms)
			LoadAssemblies (53ms)
			RebuildTransferFunctionScriptingTraits (0ms)
			SetupTypeCache (81ms)
			ReleaseScriptCaches (0ms)
			RebuildScriptCaches (20ms)
			SetupLoadedEditorAssemblies (219ms)
				LogAssemblyErrors (0ms)
				InitializePlatformSupportModulesInManaged (6ms)
				SetLoadedEditorAssemblies (0ms)
				RefreshPlugins (74ms)
				BeforeProcessingInitializeOnLoad (1ms)
				ProcessInitializeOnLoadAttributes (104ms)
				ProcessInitializeOnLoadMethodAttributes (33ms)
				AfterProcessingInitializeOnLoad (0ms)
				EditorAssembliesLoaded (0ms)
			ExecutionOrderSort2 (0ms)
			AwakeInstancesAfterBackupRestoration (0ms)
Platform modules already initialized, skipping
Registering precompiled user dll's ...
Registered in 0.006456 seconds.
Begin MonoManager ReloadAssembly
Symbol file LoadedFromMemory doesn't match image C:\Users\Lars\Documents\NTNU\Semester-5\Spillprogrammering\this-symbiotic-world-of-ours\This_Symbiotic_World_Of_Ours\Library\PackageCache\com.unity.visualscripting@1.7.8\Editor\VisualScripting.Core\Dependencies\YamlDotNet\Unity.VisualScripting.YamlDotNet.dll
Symbol file LoadedFromMemory doesn't match image C:\Users\Lars\Documents\NTNU\Semester-5\Spillprogrammering\this-symbiotic-world-of-ours\This_Symbiotic_World_Of_Ours\Library\PackageCache\com.unity.visualscripting@1.7.8\Editor\VisualScripting.Core\Dependencies\DotNetZip\Unity.VisualScripting.IonicZip.dll
Native extension for WindowsStandalone target not found
Refreshing native plugins compatible for Editor in 86.48 ms, found 4 plugins.
Preloading 0 native plugins for Editor in 0.00 ms.
Mono: successfully reloaded assembly
- Completed reload, in  0.989 seconds
Domain Reload Profiling:
	ReloadAssembly (990ms)
		BeginReloadAssembly (95ms)
			ExecutionOrderSort (0ms)
			DisableScriptedObjects (5ms)
			BackupInstance (0ms)
			ReleaseScriptingObjects (0ms)
			CreateAndSetChildDomain (17ms)
		EndReloadAssembly (800ms)
			LoadAssemblies (73ms)
			RebuildTransferFunctionScriptingTraits (0ms)
			SetupTypeCache (179ms)
			ReleaseScriptCaches (1ms)
			RebuildScriptCaches (48ms)
			SetupLoadedEditorAssemblies (467ms)
				LogAssemblyErrors (0ms)
				InitializePlatformSupportModulesInManaged (4ms)
				SetLoadedEditorAssemblies (0ms)
				RefreshPlugins (87ms)
				BeforeProcessingInitializeOnLoad (93ms)
				ProcessInitializeOnLoadAttributes (241ms)
				ProcessInitializeOnLoadMethodAttributes (36ms)
				AfterProcessingInitializeOnLoad (7ms)
				EditorAssembliesLoaded (0ms)
			ExecutionOrderSort2 (0ms)
			AwakeInstancesAfterBackupRestoration (5ms)
Platform modules already initialized, skipping
========================================================================
Worker process is ready to serve import requests
Launched and connected shader compiler UnityShaderCompiler.exe after 0.04 seconds
Refreshing native plugins compatible for Editor in 0.84 ms, found 4 plugins.
Preloading 0 native plugins for Editor in 0.00 ms.
Unloading 4255 Unused Serialized files (Serialized files now loaded: 0)
Unloading 66 unused Assets / (1.7 MB). Loaded Objects now: 4705.
Memory consumption went from 167.9 MB to 166.2 MB.
Total: 3.311200 ms (FindLiveObjects: 0.324200 ms CreateObjectMapping: 0.205300 ms MarkObjects: 2.363600 ms  DeleteObjects: 0.417300 ms)

AssetImportParameters requested are different than current active one (requested -> active):
  custom:video-decoder-ogg-theora: a1e56fd34408186e4bbccfd4996cb3dc -> 
  custom:container-muxer-webm: aa71ff27fc2769a1b78a27578f13a17b -> 
  custom:container-demuxer-webm: 4f35f7cbe854078d1ac9338744f61a02 -> 
  custom:video-encoder-webm-vp8: eb34c28f22e8b96e1ab97ce403110664 -> 
  custom:audio-encoder-webm-vorbis: bf7c407c2cedff20999df2af8eb42d56 -> 
  custom:framework-win-MediaFoundation: 216162199b28c13a410421893ffa2e32 -> 
  custom:container-demuxer-ogg: 62fdf1f143b41e24485cea50d1cbac27 -> 
  custom:video-decoder-webm-vp8: 9c59270c3fd7afecdb556c50c9e8de78 -> 
  custom:audio-decoder-ogg-vorbis: bf7c407c2cedff20999df2af8eb42d56 -> 
========================================================================
Received Import Request.
  Time since last request: 26327.209121 seconds.
  path: Assets/Sprites/Thanks.txt
  artifactKey: Guid(6b7eb805ea3a13c469a04345f6af2034) Importer(815301076,1909f56bfc062723c751e8b465ee728b)
Start importing Assets/Sprites/Thanks.txt using Guid(6b7eb805ea3a13c469a04345f6af2034) Importer(815301076,1909f56bfc062723c751e8b465ee728b)  -> (artifact id: '0755ce6f7c6d2fbef0d4adf8bf04b606') in 0.026769 seconds 
========================================================================
Received Import Request.
  Time since last request: 57.020331 seconds.
  path: Assets/Sprites/9Slize1.png
  artifactKey: Guid(650e24eba71ff924480694abda05f7fe) Importer(815301076,1909f56bfc062723c751e8b465ee728b)
Start importing Assets/Sprites/9Slize1.png using Guid(650e24eba71ff924480694abda05f7fe) Importer(815301076,1909f56bfc062723c751e8b465ee728b)  -> (artifact id: 'cf2358e444b478a4ed74a65008909cd0') in 0.068629 seconds 
========================================================================
Received Import Request.
  Time since last request: 0.000028 seconds.
  path: Assets/Sprites/other2.png
  artifactKey: Guid(ea05c6eead7e6bc45a4aa1eaccaa8442) Importer(815301076,1909f56bfc062723c751e8b465ee728b)
Start importing Assets/Sprites/other2.png using Guid(ea05c6eead7e6bc45a4aa1eaccaa8442) Importer(815301076,1909f56bfc062723c751e8b465ee728b)  -> (artifact id: 'b7d5b7ec2217e1316fe08f6cf4f599bc') in 0.010039 seconds 
========================================================================
Received Import Request.
  Time since last request: 0.000021 seconds.
  path: Assets/Sprites/9Slize6.png
  artifactKey: Guid(717295cecdaf5aa4ebf383146e28231c) Importer(815301076,1909f56bfc062723c751e8b465ee728b)
Start importing Assets/Sprites/9Slize6.png using Guid(717295cecdaf5aa4ebf383146e28231c) Importer(815301076,1909f56bfc062723c751e8b465ee728b)  -> (artifact id: '53545d38251be527de4af973ccb02928') in 0.011361 seconds 
========================================================================
Received Import Request.
  Time since last request: 0.000015 seconds.
  path: Assets/Sprites/9Slize7.png
  artifactKey: Guid(7bd1c2fa32c3059458df792a24efe72e) Importer(815301076,1909f56bfc062723c751e8b465ee728b)
Start importing Assets/Sprites/9Slize7.png using Guid(7bd1c2fa32c3059458df792a24efe72e) Importer(815301076,1909f56bfc062723c751e8b465ee728b)  -> (artifact id: 'e11f9a4994faa0d639e9bde182237eeb') in 0.010217 seconds 
========================================================================
Received Import Request.
  Time since last request: 0.000019 seconds.
  path: Assets/Sprites/9Slize8.png
  artifactKey: Guid(73fb88befb7718448acfb7ca3a6f46fd) Importer(815301076,1909f56bfc062723c751e8b465ee728b)
Start importing Assets/Sprites/9Slize8.png using Guid(73fb88befb7718448acfb7ca3a6f46fd) Importer(815301076,1909f56bfc062723c751e8b465ee728b)  -> (artifact id: '63f4112e6235b3e3ddccc484207baf9b') in 0.009561 seconds 
========================================================================
Received Import Request.
  Time since last request: 0.000019 seconds.
  path: Assets/Sprites/other4.png
  artifactKey: Guid(0eb73bcc6cdc8f044a06d4a397a3c109) Importer(815301076,1909f56bfc062723c751e8b465ee728b)
Start importing Assets/Sprites/other4.png using Guid(0eb73bcc6cdc8f044a06d4a397a3c109) Importer(815301076,1909f56bfc062723c751e8b465ee728b)  -> (artifact id: 'a7a08ae5483425d05a0c924571ed0dc1') in 0.009818 seconds 
========================================================================
Received Import Request.
  Time since last request: 0.000015 seconds.
  path: Assets/Sprites/slope_long_l1.png
  artifactKey: Guid(130e9c9d632c17b418346017805b1b26) Importer(815301076,1909f56bfc062723c751e8b465ee728b)
Start importing Assets/Sprites/slope_long_l1.png using Guid(130e9c9d632c17b418346017805b1b26) Importer(815301076,1909f56bfc062723c751e8b465ee728b)  -> (artifact id: 'f9925e210fa15767d4994b003e1afd49') in 0.010011 seconds 
========================================================================
Received Import Request.
  Time since last request: 0.000017 seconds.
  path: Assets/Sprites/horizontal_platform1.png
  artifactKey: Guid(f25ce58adf7e2f44abf73ccf1d8a547a) Importer(815301076,1909f56bfc062723c751e8b465ee728b)
Start importing Assets/Sprites/horizontal_platform1.png using Guid(f25ce58adf7e2f44abf73ccf1d8a547a) Importer(815301076,1909f56bfc062723c751e8b465ee728b)  -> (artifact id: '4d3fd1f4849a52f2bcd90bece26bd825') in 0.010258 seconds 
========================================================================
Received Import Request.
  Time since last request: 0.000017 seconds.
  path: Assets/Sprites/inner_top_left.png
  artifactKey: Guid(bb229838ff5e27c47a1339b52772b203) Importer(815301076,1909f56bfc062723c751e8b465ee728b)
Start importing Assets/Sprites/inner_top_left.png using Guid(bb229838ff5e27c47a1339b52772b203) Importer(815301076,1909f56bfc062723c751e8b465ee728b)  -> (artifact id: '66ea6fbfc98988be785aef707fe04cd4') in 0.010104 seconds 
========================================================================
Received Import Request.
  Time since last request: 0.000021 seconds.
  path: Assets/Sprites/slope_long_l2.png
  artifactKey: Guid(4aa6643a7df48704a9f46e03d929b917) Importer(815301076,1909f56bfc062723c751e8b465ee728b)
Start importing Assets/Sprites/slope_long_l2.png using Guid(4aa6643a7df48704a9f46e03d929b917) Importer(815301076,1909f56bfc062723c751e8b465ee728b)  -> (artifact id: '2c9b48f3c9c5dba4f5df6acd5558ad50') in 0.010586 seconds 
========================================================================
Received Import Request.
  Time since last request: 0.000018 seconds.
  path: Assets/Sprites/other3.png
  artifactKey: Guid(4b59f769dac995d4d81085ed21736e5e) Importer(815301076,1909f56bfc062723c751e8b465ee728b)
Start importing Assets/Sprites/other3.png using Guid(4b59f769dac995d4d81085ed21736e5e) Importer(815301076,1909f56bfc062723c751e8b465ee728b)  -> (artifact id: 'f739bee904c3eb4fcb925aea110bed80') in 0.011184 seconds 
========================================================================
Received Import Request.
  Time since last request: 0.000020 seconds.
  path: Assets/Sprites/inner_buttom_left.png
  artifactKey: Guid(047c3607ebb947c46906532bf36fa537) Importer(815301076,1909f56bfc062723c751e8b465ee728b)
Start importing Assets/Sprites/inner_buttom_left.png using Guid(047c3607ebb947c46906532bf36fa537) Importer(815301076,1909f56bfc062723c751e8b465ee728b)  -> (artifact id: 'c9a7e2a016dab2d5b9fad222732a86b9') in 0.011723 seconds 
========================================================================
Received Import Request.
  Time since last request: 0.000027 seconds.
  path: Assets/Sprites/Slope_long_r1.png
  artifactKey: Guid(d472d4b805f853c47aee35407be1abae) Importer(815301076,1909f56bfc062723c751e8b465ee728b)
Start importing Assets/Sprites/Slope_long_r1.png using Guid(d472d4b805f853c47aee35407be1abae) Importer(815301076,1909f56bfc062723c751e8b465ee728b)  -> (artifact id: 'b7cf18c8fb2f42770191327b61b4594c') in 0.011507 seconds 
========================================================================
Received Import Request.
  Time since last request: 0.000022 seconds.
  path: Assets/Sprites/9Slize9.png
  artifactKey: Guid(2a49edabbd273f341a99769f464c7c01) Importer(815301076,1909f56bfc062723c751e8b465ee728b)
Start importing Assets/Sprites/9Slize9.png using Guid(2a49edabbd273f341a99769f464c7c01) Importer(815301076,1909f56bfc062723c751e8b465ee728b)  -> (artifact id: '51b33488e4497e9971dae32a42a3584c') in 0.009435 seconds 
========================================================================
Received Import Request.
  Time since last request: 0.000020 seconds.
  path: Assets/Sprites/slope_r1.png
  artifactKey: Guid(c0e57876e65083d4281e2f8270671111) Importer(815301076,1909f56bfc062723c751e8b465ee728b)
Start importing Assets/Sprites/slope_r1.png using Guid(c0e57876e65083d4281e2f8270671111) Importer(815301076,1909f56bfc062723c751e8b465ee728b)  -> (artifact id: '62cf68617e8927993bb881d96b5a4403') in 0.010916 seconds 
========================================================================
Received Import Request.
  Time since last request: 0.000018 seconds.
  path: Assets/Sprites/9Slize4.png
  artifactKey: Guid(cad95ff57dff2fa4d8b19bc5746e2802) Importer(815301076,1909f56bfc062723c751e8b465ee728b)
Start importing Assets/Sprites/9Slize4.png using Guid(cad95ff57dff2fa4d8b19bc5746e2802) Importer(815301076,1909f56bfc062723c751e8b465ee728b)  -> (artifact id: '536412d0d0fcd1c564a9f790ff318c8a') in 0.012201 seconds 
========================================================================
Received Import Request.
  Time since last request: 0.000021 seconds.
  path: Assets/Sprites/horizontal_platform3.png
  artifactKey: Guid(5fc8b35653d0eb748acafbe9d850ac9b) Importer(815301076,1909f56bfc062723c751e8b465ee728b)
Start importing Assets/Sprites/horizontal_platform3.png using Guid(5fc8b35653d0eb748acafbe9d850ac9b) Importer(815301076,1909f56bfc062723c751e8b465ee728b)  -> (artifact id: 'b9181850f5edcccb922a0f9bdc03f167') in 0.010896 seconds 
========================================================================
Received Import Request.
  Time since last request: 0.000024 seconds.
  path: Assets/Sprites/ubber_top_right.png
  artifactKey: Guid(95adf1e00cef2e1478274919acc0e639) Importer(815301076,1909f56bfc062723c751e8b465ee728b)
Start importing Assets/Sprites/ubber_top_right.png using Guid(95adf1e00cef2e1478274919acc0e639) Importer(815301076,1909f56bfc062723c751e8b465ee728b)  -> (artifact id: '8ad94821eb5df5a6f20edbfc510cb444') in 0.009035 seconds 
========================================================================
Received Import Request.
  Time since last request: 0.000017 seconds.
  path: Assets/Sprites/other17.png
  artifactKey: Guid(087690e8eab461d4f8953188386f872c) Importer(815301076,1909f56bfc062723c751e8b465ee728b)
Start importing Assets/Sprites/other17.png using Guid(087690e8eab461d4f8953188386f872c) Importer(815301076,1909f56bfc062723c751e8b465ee728b)  -> (artifact id: 'b25ff4fc6373ad28cb1188a05201df93') in 0.010245 seconds 
Editor requested this worker to shutdown with reason: Scaling down because of idle timeout
AssetImportWorker is now disconnected from the server
Process exiting
Exiting without the bug reporter. Application will terminate with return code 0