Using pre-set license
Built from '2021.3/staging' branch; Version is '2021.3.10f1 (1c7d0df0160b) revision 1867021'; Using compiler version '192829333'; Build Type 'Release'
OS: 'Windows 10  (10.0.19044) 64bit EducationN' Language: 'no' Physical Memory: 32683 MB
BatchMode: 1, IsHumanControllingUs: 0, StartBugReporterOnCrash: 0, Is64bit: 1, IsPro: 1

COMMAND LINE ARGUMENTS:
C:\Program Files\Unity\Hub\Editor\2021.3.10f1\Editor\Unity.exe
-adb2
-batchMode
-noUpm
-name
AssetImportWorker0
-projectPath
C:/Users/Lars/Documents/NTNU/Semester-5/Spillprogrammering/this-symbiotic-world-of-ours/This_Symbiotic_World_Of_Ours
-logFile
Logs/AssetImportWorker0.log
-srvPort
64689
Successfully changed project path to: C:/Users/Lars/Documents/NTNU/Semester-5/Spillprogrammering/this-symbiotic-world-of-ours/This_Symbiotic_World_Of_Ours
C:/Users/Lars/Documents/NTNU/Semester-5/Spillprogrammering/this-symbiotic-world-of-ours/This_Symbiotic_World_Of_Ours
[UnityMemory] Configuration Parameters - Can be set up in boot.config
    "memorysetup-bucket-allocator-granularity=16"
    "memorysetup-bucket-allocator-bucket-count=8"
    "memorysetup-bucket-allocator-block-size=33554432"
    "memorysetup-bucket-allocator-block-count=8"
    "memorysetup-main-allocator-block-size=16777216"
    "memorysetup-thread-allocator-block-size=16777216"
    "memorysetup-gfx-main-allocator-block-size=16777216"
    "memorysetup-gfx-thread-allocator-block-size=16777216"
    "memorysetup-cache-allocator-block-size=4194304"
    "memorysetup-typetree-allocator-block-size=2097152"
    "memorysetup-profiler-bucket-allocator-granularity=16"
    "memorysetup-profiler-bucket-allocator-bucket-count=8"
    "memorysetup-profiler-bucket-allocator-block-size=33554432"
    "memorysetup-profiler-bucket-allocator-block-count=8"
    "memorysetup-profiler-allocator-block-size=16777216"
    "memorysetup-profiler-editor-allocator-block-size=1048576"
    "memorysetup-temp-allocator-size-main=16777216"
    "memorysetup-job-temp-allocator-block-size=2097152"
    "memorysetup-job-temp-allocator-block-size-background=1048576"
    "memorysetup-job-temp-allocator-reduction-small-platforms=262144"
    "memorysetup-temp-allocator-size-background-worker=32768"
    "memorysetup-temp-allocator-size-job-worker=262144"
    "memorysetup-temp-allocator-size-preload-manager=33554432"
    "memorysetup-temp-allocator-size-nav-mesh-worker=65536"
    "memorysetup-temp-allocator-size-audio-worker=65536"
    "memorysetup-temp-allocator-size-cloud-worker=32768"
    "memorysetup-temp-allocator-size-gi-baking-worker=262144"
    "memorysetup-temp-allocator-size-gfx=262144"
Refreshing native plugins compatible for Editor in 82.97 ms, found 4 plugins.
Preloading 0 native plugins for Editor in 0.00 ms.
Initialize engine version: 2021.3.10f1 (1c7d0df0160b)
[Subsystems] Discovering subsystems at path C:/Program Files/Unity/Hub/Editor/2021.3.10f1/Editor/Data/Resources/UnitySubsystems
[Subsystems] Discovering subsystems at path C:/Users/Lars/Documents/NTNU/Semester-5/Spillprogrammering/this-symbiotic-world-of-ours/This_Symbiotic_World_Of_Ours/Assets
GfxDevice: creating device client; threaded=0; jobified=0
Direct3D:
    Version:  Direct3D 11.0 [level 11.1]
    Renderer: NVIDIA GeForce RTX 3080 Ti (ID=0x2208)
    Vendor:   NVIDIA
    VRAM:     12108 MB
    Driver:   31.0.15.1694
Initialize mono
Mono path[0] = 'C:/Program Files/Unity/Hub/Editor/2021.3.10f1/Editor/Data/Managed'
Mono path[1] = 'C:/Program Files/Unity/Hub/Editor/2021.3.10f1/Editor/Data/MonoBleedingEdge/lib/mono/unityjit-win32'
Mono config path = 'C:/Program Files/Unity/Hub/Editor/2021.3.10f1/Editor/Data/MonoBleedingEdge/etc'
Using monoOptions --debugger-agent=transport=dt_socket,embedding=1,server=y,suspend=n,address=127.0.0.1:56492
Begin MonoManager ReloadAssembly
Registering precompiled unity dll's ...
Register platform support module: C:/Program Files/Unity/Hub/Editor/2021.3.10f1/Editor/Data/PlaybackEngines/WindowsStandaloneSupport/UnityEditor.WindowsStandalone.Extensions.dll
Registered in 0.005438 seconds.
Native extension for WindowsStandalone target not found
Refreshing native plugins compatible for Editor in 73.34 ms, found 4 plugins.
Preloading 0 native plugins for Editor in 0.00 ms.
Mono: successfully reloaded assembly
- Completed reload, in  0.483 seconds
Domain Reload Profiling:
	ReloadAssembly (483ms)
		BeginReloadAssembly (56ms)
			ExecutionOrderSort (0ms)
			DisableScriptedObjects (0ms)
			BackupInstance (0ms)
			ReleaseScriptingObjects (0ms)
			CreateAndSetChildDomain (1ms)
		EndReloadAssembly (345ms)
			LoadAssemblies (54ms)
			RebuildTransferFunctionScriptingTraits (0ms)
			SetupTypeCache (68ms)
			ReleaseScriptCaches (0ms)
			RebuildScriptCaches (20ms)
			SetupLoadedEditorAssemblies (219ms)
				LogAssemblyErrors (0ms)
				InitializePlatformSupportModulesInManaged (6ms)
				SetLoadedEditorAssemblies (0ms)
				RefreshPlugins (73ms)
				BeforeProcessingInitializeOnLoad (1ms)
				ProcessInitializeOnLoadAttributes (107ms)
				ProcessInitializeOnLoadMethodAttributes (32ms)
				AfterProcessingInitializeOnLoad (0ms)
				EditorAssembliesLoaded (0ms)
			ExecutionOrderSort2 (0ms)
			AwakeInstancesAfterBackupRestoration (0ms)
Platform modules already initialized, skipping
Registering precompiled user dll's ...
Registered in 0.005946 seconds.
Begin MonoManager ReloadAssembly
Symbol file LoadedFromMemory doesn't match image C:\Users\Lars\Documents\NTNU\Semester-5\Spillprogrammering\this-symbiotic-world-of-ours\This_Symbiotic_World_Of_Ours\Library\PackageCache\com.unity.visualscripting@1.7.8\Editor\VisualScripting.Core\Dependencies\YamlDotNet\Unity.VisualScripting.YamlDotNet.dll
Symbol file LoadedFromMemory doesn't match image C:\Users\Lars\Documents\NTNU\Semester-5\Spillprogrammering\this-symbiotic-world-of-ours\This_Symbiotic_World_Of_Ours\Library\PackageCache\com.unity.visualscripting@1.7.8\Editor\VisualScripting.Core\Dependencies\DotNetZip\Unity.VisualScripting.IonicZip.dll
Native extension for WindowsStandalone target not found
Refreshing native plugins compatible for Editor in 74.56 ms, found 4 plugins.
Preloading 0 native plugins for Editor in 0.00 ms.
Mono: successfully reloaded assembly
- Completed reload, in  0.899 seconds
Domain Reload Profiling:
	ReloadAssembly (899ms)
		BeginReloadAssembly (83ms)
			ExecutionOrderSort (0ms)
			DisableScriptedObjects (5ms)
			BackupInstance (0ms)
			ReleaseScriptingObjects (0ms)
			CreateAndSetChildDomain (16ms)
		EndReloadAssembly (723ms)
			LoadAssemblies (63ms)
			RebuildTransferFunctionScriptingTraits (0ms)
			SetupTypeCache (164ms)
			ReleaseScriptCaches (1ms)
			RebuildScriptCaches (42ms)
			SetupLoadedEditorAssemblies (418ms)
				LogAssemblyErrors (0ms)
				InitializePlatformSupportModulesInManaged (3ms)
				SetLoadedEditorAssemblies (0ms)
				RefreshPlugins (75ms)
				BeforeProcessingInitializeOnLoad (81ms)
				ProcessInitializeOnLoadAttributes (223ms)
				ProcessInitializeOnLoadMethodAttributes (30ms)
				AfterProcessingInitializeOnLoad (6ms)
				EditorAssembliesLoaded (0ms)
			ExecutionOrderSort2 (0ms)
			AwakeInstancesAfterBackupRestoration (5ms)
Platform modules already initialized, skipping
========================================================================
Worker process is ready to serve import requests
Launched and connected shader compiler UnityShaderCompiler.exe after 0.04 seconds
Refreshing native plugins compatible for Editor in 1.17 ms, found 4 plugins.
Preloading 0 native plugins for Editor in 0.00 ms.
Unloading 4255 Unused Serialized files (Serialized files now loaded: 0)
Unloading 67 unused Assets / (1.7 MB). Loaded Objects now: 4704.
Memory consumption went from 167.9 MB to 166.2 MB.
Total: 4.312300 ms (FindLiveObjects: 0.478600 ms CreateObjectMapping: 0.149200 ms MarkObjects: 3.264300 ms  DeleteObjects: 0.419300 ms)

AssetImportParameters requested are different than current active one (requested -> active):
  custom:video-decoder-ogg-theora: a1e56fd34408186e4bbccfd4996cb3dc -> 
  custom:container-muxer-webm: aa71ff27fc2769a1b78a27578f13a17b -> 
  custom:container-demuxer-webm: 4f35f7cbe854078d1ac9338744f61a02 -> 
  custom:video-encoder-webm-vp8: eb34c28f22e8b96e1ab97ce403110664 -> 
  custom:audio-encoder-webm-vorbis: bf7c407c2cedff20999df2af8eb42d56 -> 
  custom:framework-win-MediaFoundation: 216162199b28c13a410421893ffa2e32 -> 
  custom:container-demuxer-ogg: 62fdf1f143b41e24485cea50d1cbac27 -> 
  custom:video-decoder-webm-vp8: 9c59270c3fd7afecdb556c50c9e8de78 -> 
  custom:audio-decoder-ogg-vorbis: bf7c407c2cedff20999df2af8eb42d56 -> 
========================================================================
Received Import Request.
  Time since last request: 24556.830345 seconds.
  path: Assets
  artifactKey: Guid(00000000000000001000000000000000) Importer(815301076,1909f56bfc062723c751e8b465ee728b)
Start importing Assets using Guid(00000000000000001000000000000000) Importer(815301076,1909f56bfc062723c751e8b465ee728b)  -> (artifact id: '79842766b460edbeab6a34051e857a80') in 0.016091 seconds 
========================================================================
Received Import Request.
  Time since last request: 13.002674 seconds.
  path: Assets/SpriteShapes
  artifactKey: Guid(805985b456155664ca604a45d832e722) Importer(815301076,1909f56bfc062723c751e8b465ee728b)
Start importing Assets/SpriteShapes using Guid(805985b456155664ca604a45d832e722) Importer(815301076,1909f56bfc062723c751e8b465ee728b)  -> (artifact id: '580238592505e3d5cf71c0f5a04d16b4') in 0.004914 seconds 
========================================================================
Received Import Request.
  Time since last request: 171.776640 seconds.
  path: Assets/SpriteShapes/Sprite Shape Profile.asset
  artifactKey: Guid(5daf2fb1850dba14a9856c752af708f2) Importer(815301076,1909f56bfc062723c751e8b465ee728b)
Start importing Assets/SpriteShapes/Sprite Shape Profile.asset using Guid(5daf2fb1850dba14a9856c752af708f2) Importer(815301076,1909f56bfc062723c751e8b465ee728b)  -> (artifact id: '935fe74266a4525b87b7c878c3c2cf8e') in 0.024530 seconds 
========================================================================
Received Import Request.
  Time since last request: 167.050118 seconds.
  path: Packages/com.unity.2d.spriteshape/Editor/ObjectMenuCreation/DefaultAssets/Sprite Shapes/SpriteShapeEdge.png
  artifactKey: Guid(0ae2b74b1edd14bb18dd7b65ae916a54) Importer(815301076,1909f56bfc062723c751e8b465ee728b)
Start importing Packages/com.unity.2d.spriteshape/Editor/ObjectMenuCreation/DefaultAssets/Sprite Shapes/SpriteShapeEdge.png using Guid(0ae2b74b1edd14bb18dd7b65ae916a54) Importer(815301076,1909f56bfc062723c751e8b465ee728b)  -> (artifact id: 'f4cb747167b72efc6b91e7a4710c6690') in 0.062971 seconds 
========================================================================
Received Import Request.
  Time since last request: 1051.983130 seconds.
  path: Assets/SpriteShapes/New Physics Material 2D.physicsMaterial2D
  artifactKey: Guid(abee097e3bce5874794b444350b1cdfd) Importer(815301076,1909f56bfc062723c751e8b465ee728b)
Start importing Assets/SpriteShapes/New Physics Material 2D.physicsMaterial2D using Guid(abee097e3bce5874794b444350b1cdfd) Importer(815301076,1909f56bfc062723c751e8b465ee728b)  -> (artifact id: 'c7687c94c7193051345d101f7db9b246') in 0.007472 seconds 
========================================================================
Received Import Request.
  Time since last request: 306.706602 seconds.
  path: Assets/SpriteS
  artifactKey: Guid(fc0819ae0e4a5c04597b257f0467c435) Importer(815301076,1909f56bfc062723c751e8b465ee728b)
Start importing Assets/SpriteS using Guid(fc0819ae0e4a5c04597b257f0467c435) Importer(815301076,1909f56bfc062723c751e8b465ee728b)  -> (artifact id: '168fda9aaf9cbe33e6652b7499fe709b') in 0.005377 seconds 
========================================================================
Received Import Request.
  Time since last request: 6.102584 seconds.
  path: Assets/Sprites
  artifactKey: Guid(fc0819ae0e4a5c04597b257f0467c435) Importer(815301076,1909f56bfc062723c751e8b465ee728b)
Start importing Assets/Sprites using Guid(fc0819ae0e4a5c04597b257f0467c435) Importer(815301076,1909f56bfc062723c751e8b465ee728b)  -> (artifact id: '7620e2296ffbcd86dbc0a5f0e2dbbd17') in 0.004710 seconds 
========================================================================
Received Import Request.
  Time since last request: 32.599695 seconds.
  path: Assets/Sprites/9Slize1.png
  artifactKey: Guid(650e24eba71ff924480694abda05f7fe) Importer(815301076,1909f56bfc062723c751e8b465ee728b)
Start importing Assets/Sprites/9Slize1.png using Guid(650e24eba71ff924480694abda05f7fe) Importer(815301076,1909f56bfc062723c751e8b465ee728b)  -> (artifact id: 'f3ffccf815e227a055a632908a54d8c6') in 0.014767 seconds 
========================================================================
Received Import Request.
  Time since last request: 0.000021 seconds.
  path: Assets/Sprites/9Slize6.png
  artifactKey: Guid(717295cecdaf5aa4ebf383146e28231c) Importer(815301076,1909f56bfc062723c751e8b465ee728b)
Start importing Assets/Sprites/9Slize6.png using Guid(717295cecdaf5aa4ebf383146e28231c) Importer(815301076,1909f56bfc062723c751e8b465ee728b)  -> (artifact id: '6d3063f20d4a9990365e898b4d2b16f1') in 0.011330 seconds 
========================================================================
Received Import Request.
  Time since last request: 0.000036 seconds.
  path: Assets/Sprites/other2.png
  artifactKey: Guid(ea05c6eead7e6bc45a4aa1eaccaa8442) Importer(815301076,1909f56bfc062723c751e8b465ee728b)
Start importing Assets/Sprites/other2.png using Guid(ea05c6eead7e6bc45a4aa1eaccaa8442) Importer(815301076,1909f56bfc062723c751e8b465ee728b)  -> (artifact id: '082773130314aa7400e0dbbbf8bf8a0a') in 0.015272 seconds 
========================================================================
Received Import Request.
  Time since last request: 0.000019 seconds.
  path: Assets/Sprites/other1.png
  artifactKey: Guid(67696e89a8a1755438c3170f0493d0b1) Importer(815301076,1909f56bfc062723c751e8b465ee728b)
Start importing Assets/Sprites/other1.png using Guid(67696e89a8a1755438c3170f0493d0b1) Importer(815301076,1909f56bfc062723c751e8b465ee728b)  -> (artifact id: 'd6d749bed8dc2facc4857ad2ce23b028') in 0.010568 seconds 
========================================================================
Received Import Request.
  Time since last request: 0.000018 seconds.
  path: Assets/Sprites/vertical_platform2.png
  artifactKey: Guid(325883d21cc5d6243ba7cd5bf3941fe2) Importer(815301076,1909f56bfc062723c751e8b465ee728b)
Start importing Assets/Sprites/vertical_platform2.png using Guid(325883d21cc5d6243ba7cd5bf3941fe2) Importer(815301076,1909f56bfc062723c751e8b465ee728b)  -> (artifact id: '616fcf04780e6bd0178797adca40b35e') in 0.011565 seconds 
========================================================================
Received Import Request.
  Time since last request: 0.000018 seconds.
  path: Assets/Sprites/9Slize7.png
  artifactKey: Guid(7bd1c2fa32c3059458df792a24efe72e) Importer(815301076,1909f56bfc062723c751e8b465ee728b)
Start importing Assets/Sprites/9Slize7.png using Guid(7bd1c2fa32c3059458df792a24efe72e) Importer(815301076,1909f56bfc062723c751e8b465ee728b)  -> (artifact id: 'a514224a01f35113663fe20d86057dec') in 0.011168 seconds 
========================================================================
Received Import Request.
  Time since last request: 0.000019 seconds.
  path: Assets/Sprites/Tileset.png
  artifactKey: Guid(5f7b2a6e5c72027498bd023065a4b0cf) Importer(815301076,1909f56bfc062723c751e8b465ee728b)
Start importing Assets/Sprites/Tileset.png using Guid(5f7b2a6e5c72027498bd023065a4b0cf) Importer(815301076,1909f56bfc062723c751e8b465ee728b)  -> (artifact id: 'f9ee5ea4de0782b5d11261a8fb13ff6b') in 0.013848 seconds 
========================================================================
Received Import Request.
  Time since last request: 0.000017 seconds.
  path: Assets/Sprites/horizontal_platform2.png
  artifactKey: Guid(a70fcb2dccb5d1e40b2fcb43308027a7) Importer(815301076,1909f56bfc062723c751e8b465ee728b)
Start importing Assets/Sprites/horizontal_platform2.png using Guid(a70fcb2dccb5d1e40b2fcb43308027a7) Importer(815301076,1909f56bfc062723c751e8b465ee728b)  -> (artifact id: '842cf3e0cf62c638800516f10d03cdf0') in 0.010163 seconds 
========================================================================
Received Import Request.
  Time since last request: 0.000018 seconds.
  path: Assets/Sprites/slope_long_r3.png
  artifactKey: Guid(582c6384d5c79f24aaabeaceb9a667f4) Importer(815301076,1909f56bfc062723c751e8b465ee728b)
Start importing Assets/Sprites/slope_long_r3.png using Guid(582c6384d5c79f24aaabeaceb9a667f4) Importer(815301076,1909f56bfc062723c751e8b465ee728b)  -> (artifact id: '61dd301aeb349e494faf088e6b24e8c2') in 0.010999 seconds 
========================================================================
Received Import Request.
  Time since last request: 0.000020 seconds.
  path: Assets/Sprites/vertical_platform3.png
  artifactKey: Guid(02aa4d60345a2eb4cbd010d9404c95de) Importer(815301076,1909f56bfc062723c751e8b465ee728b)
Start importing Assets/Sprites/vertical_platform3.png using Guid(02aa4d60345a2eb4cbd010d9404c95de) Importer(815301076,1909f56bfc062723c751e8b465ee728b)  -> (artifact id: 'ba2632e4563802ff93501d6a33433c0d') in 0.011321 seconds 
========================================================================
Received Import Request.
  Time since last request: 0.000026 seconds.
  path: Assets/Sprites/inner_top_left.png
  artifactKey: Guid(bb229838ff5e27c47a1339b52772b203) Importer(815301076,1909f56bfc062723c751e8b465ee728b)
Start importing Assets/Sprites/inner_top_left.png using Guid(bb229838ff5e27c47a1339b52772b203) Importer(815301076,1909f56bfc062723c751e8b465ee728b)  -> (artifact id: '60f406cf7e8bd5c0090c23f464383325') in 0.011916 seconds 
========================================================================
Received Import Request.
  Time since last request: 0.000017 seconds.
  path: Assets/Sprites/slope_long_l3.png
  artifactKey: Guid(1a5f15aa177d226488ae3c1fc3ed9f75) Importer(815301076,1909f56bfc062723c751e8b465ee728b)
Start importing Assets/Sprites/slope_long_l3.png using Guid(1a5f15aa177d226488ae3c1fc3ed9f75) Importer(815301076,1909f56bfc062723c751e8b465ee728b)  -> (artifact id: '9bdc846235838f5c7a41ab5c61c056f3') in 0.010854 seconds 
========================================================================
Received Import Request.
  Time since last request: 0.000017 seconds.
  path: Assets/Sprites/slope_r2.png
  artifactKey: Guid(cb92605497d289b42a2f9b9f4f53abfa) Importer(815301076,1909f56bfc062723c751e8b465ee728b)
Start importing Assets/Sprites/slope_r2.png using Guid(cb92605497d289b42a2f9b9f4f53abfa) Importer(815301076,1909f56bfc062723c751e8b465ee728b)  -> (artifact id: 'ead72f19a9039b28c4cfac89dcf9d09e') in 0.012115 seconds 
========================================================================
Received Import Request.
  Time since last request: 0.000017 seconds.
  path: Assets/Sprites/inner_buttom_left.png
  artifactKey: Guid(047c3607ebb947c46906532bf36fa537) Importer(815301076,1909f56bfc062723c751e8b465ee728b)
Start importing Assets/Sprites/inner_buttom_left.png using Guid(047c3607ebb947c46906532bf36fa537) Importer(815301076,1909f56bfc062723c751e8b465ee728b)  -> (artifact id: 'bef771b7778c8f33ac3f7467ad0f3db2') in 0.011267 seconds 
========================================================================
Received Import Request.
  Time since last request: 0.000024 seconds.
  path: Assets/Sprites/Slope_long_r1.png
  artifactKey: Guid(d472d4b805f853c47aee35407be1abae) Importer(815301076,1909f56bfc062723c751e8b465ee728b)
Start importing Assets/Sprites/Slope_long_r1.png using Guid(d472d4b805f853c47aee35407be1abae) Importer(815301076,1909f56bfc062723c751e8b465ee728b)  -> (artifact id: '4b7cc6760757cfe85dc2c64a79ec9547') in 0.011601 seconds 
========================================================================
Received Import Request.
  Time since last request: 0.000016 seconds.
  path: Assets/Sprites/9Slize9.png
  artifactKey: Guid(2a49edabbd273f341a99769f464c7c01) Importer(815301076,1909f56bfc062723c751e8b465ee728b)
Start importing Assets/Sprites/9Slize9.png using Guid(2a49edabbd273f341a99769f464c7c01) Importer(815301076,1909f56bfc062723c751e8b465ee728b)  -> (artifact id: 'f0cf7a280c96774057e7d42de57a304d') in 0.009989 seconds 
========================================================================
Received Import Request.
  Time since last request: 0.000017 seconds.
  path: Assets/Sprites/slope_r1.png
  artifactKey: Guid(c0e57876e65083d4281e2f8270671111) Importer(815301076,1909f56bfc062723c751e8b465ee728b)
Start importing Assets/Sprites/slope_r1.png using Guid(c0e57876e65083d4281e2f8270671111) Importer(815301076,1909f56bfc062723c751e8b465ee728b)  -> (artifact id: 'b6ca9c5ac6305687a15569be8fb97554') in 0.012831 seconds 
========================================================================
Received Import Request.
  Time since last request: 0.000018 seconds.
  path: Assets/Sprites/9Slize3.png
  artifactKey: Guid(8f83263c3fe8382459ea1cea9c8f35ab) Importer(815301076,1909f56bfc062723c751e8b465ee728b)
Start importing Assets/Sprites/9Slize3.png using Guid(8f83263c3fe8382459ea1cea9c8f35ab) Importer(815301076,1909f56bfc062723c751e8b465ee728b)  -> (artifact id: '06d3292baecf61b6d22e46adf90e59cd') in 0.012712 seconds 
========================================================================
Received Import Request.
  Time since last request: 0.000017 seconds.
  path: Assets/Sprites/single.png
  artifactKey: Guid(3d526833758c8f141846c97d85e7be7b) Importer(815301076,1909f56bfc062723c751e8b465ee728b)
Start importing Assets/Sprites/single.png using Guid(3d526833758c8f141846c97d85e7be7b) Importer(815301076,1909f56bfc062723c751e8b465ee728b)  -> (artifact id: 'f165afd886e4e5009bd5f635bf0dc46d') in 0.010872 seconds 
========================================================================
Received Import Request.
  Time since last request: 0.000017 seconds.
  path: Assets/Sprites/slope_long_r2.png
  artifactKey: Guid(ab8ca9683107b1e41be775d81ba91ba6) Importer(815301076,1909f56bfc062723c751e8b465ee728b)
Start importing Assets/Sprites/slope_long_r2.png using Guid(ab8ca9683107b1e41be775d81ba91ba6) Importer(815301076,1909f56bfc062723c751e8b465ee728b)  -> (artifact id: '07c9ca1fdb41610b86e0641ae7435aa3') in 0.021112 seconds 
========================================================================
Received Import Request.
  Time since last request: 0.000018 seconds.
  path: Assets/Sprites/other17.png
  artifactKey: Guid(087690e8eab461d4f8953188386f872c) Importer(815301076,1909f56bfc062723c751e8b465ee728b)
Start importing Assets/Sprites/other17.png using Guid(087690e8eab461d4f8953188386f872c) Importer(815301076,1909f56bfc062723c751e8b465ee728b)  -> (artifact id: '597af453f7529ea7875431fe36a99206') in 0.010315 seconds 
Editor requested this worker to shutdown with reason: Scaling down because of idle timeout
AssetImportWorker is now disconnected from the server
Process exiting
Exiting without the bug reporter. Application will terminate with return code 0