Using pre-set license
Built from '2021.3/staging' branch; Version is '2021.3.10f1 (1c7d0df0160b) revision 1867021'; Using compiler version '192829333'; Build Type 'Release'
OS: 'Windows 10  (10.0.19044) 64bit EducationN' Language: 'no' Physical Memory: 32683 MB
BatchMode: 1, IsHumanControllingUs: 0, StartBugReporterOnCrash: 0, Is64bit: 1, IsPro: 1

COMMAND LINE ARGUMENTS:
C:\Program Files\Unity\Hub\Editor\2021.3.10f1\Editor\Unity.exe
-adb2
-batchMode
-noUpm
-name
AssetImportWorker4
-projectPath
C:/Users/Lars/Documents/NTNU/Semester-5/Spillprogrammering/this-symbiotic-world-of-ours/This_Symbiotic_World_Of_Ours
-logFile
Logs/AssetImportWorker4.log
-srvPort
64689
Successfully changed project path to: C:/Users/Lars/Documents/NTNU/Semester-5/Spillprogrammering/this-symbiotic-world-of-ours/This_Symbiotic_World_Of_Ours
C:/Users/Lars/Documents/NTNU/Semester-5/Spillprogrammering/this-symbiotic-world-of-ours/This_Symbiotic_World_Of_Ours
[UnityMemory] Configuration Parameters - Can be set up in boot.config
    "memorysetup-bucket-allocator-granularity=16"
    "memorysetup-bucket-allocator-bucket-count=8"
    "memorysetup-bucket-allocator-block-size=33554432"
    "memorysetup-bucket-allocator-block-count=8"
    "memorysetup-main-allocator-block-size=16777216"
    "memorysetup-thread-allocator-block-size=16777216"
    "memorysetup-gfx-main-allocator-block-size=16777216"
    "memorysetup-gfx-thread-allocator-block-size=16777216"
    "memorysetup-cache-allocator-block-size=4194304"
    "memorysetup-typetree-allocator-block-size=2097152"
    "memorysetup-profiler-bucket-allocator-granularity=16"
    "memorysetup-profiler-bucket-allocator-bucket-count=8"
    "memorysetup-profiler-bucket-allocator-block-size=33554432"
    "memorysetup-profiler-bucket-allocator-block-count=8"
    "memorysetup-profiler-allocator-block-size=16777216"
    "memorysetup-profiler-editor-allocator-block-size=1048576"
    "memorysetup-temp-allocator-size-main=16777216"
    "memorysetup-job-temp-allocator-block-size=2097152"
    "memorysetup-job-temp-allocator-block-size-background=1048576"
    "memorysetup-job-temp-allocator-reduction-small-platforms=262144"
    "memorysetup-temp-allocator-size-background-worker=32768"
    "memorysetup-temp-allocator-size-job-worker=262144"
    "memorysetup-temp-allocator-size-preload-manager=33554432"
    "memorysetup-temp-allocator-size-nav-mesh-worker=65536"
    "memorysetup-temp-allocator-size-audio-worker=65536"
    "memorysetup-temp-allocator-size-cloud-worker=32768"
    "memorysetup-temp-allocator-size-gi-baking-worker=262144"
    "memorysetup-temp-allocator-size-gfx=262144"
Refreshing native plugins compatible for Editor in 85.73 ms, found 4 plugins.
Preloading 0 native plugins for Editor in 0.00 ms.
Initialize engine version: 2021.3.10f1 (1c7d0df0160b)
[Subsystems] Discovering subsystems at path C:/Program Files/Unity/Hub/Editor/2021.3.10f1/Editor/Data/Resources/UnitySubsystems
[Subsystems] Discovering subsystems at path C:/Users/Lars/Documents/NTNU/Semester-5/Spillprogrammering/this-symbiotic-world-of-ours/This_Symbiotic_World_Of_Ours/Assets
GfxDevice: creating device client; threaded=0; jobified=0
Direct3D:
    Version:  Direct3D 11.0 [level 11.1]
    Renderer: NVIDIA GeForce RTX 3080 Ti (ID=0x2208)
    Vendor:   NVIDIA
    VRAM:     12108 MB
    Driver:   31.0.15.1694
Initialize mono
Mono path[0] = 'C:/Program Files/Unity/Hub/Editor/2021.3.10f1/Editor/Data/Managed'
Mono path[1] = 'C:/Program Files/Unity/Hub/Editor/2021.3.10f1/Editor/Data/MonoBleedingEdge/lib/mono/unityjit-win32'
Mono config path = 'C:/Program Files/Unity/Hub/Editor/2021.3.10f1/Editor/Data/MonoBleedingEdge/etc'
Using monoOptions --debugger-agent=transport=dt_socket,embedding=1,server=y,suspend=n,address=127.0.0.1:56728
Begin MonoManager ReloadAssembly
Registering precompiled unity dll's ...
Register platform support module: C:/Program Files/Unity/Hub/Editor/2021.3.10f1/Editor/Data/PlaybackEngines/WindowsStandaloneSupport/UnityEditor.WindowsStandalone.Extensions.dll
Registered in 0.005703 seconds.
Native extension for WindowsStandalone target not found
Refreshing native plugins compatible for Editor in 72.23 ms, found 4 plugins.
Preloading 0 native plugins for Editor in 0.00 ms.
Mono: successfully reloaded assembly
- Completed reload, in  0.468 seconds
Domain Reload Profiling:
	ReloadAssembly (468ms)
		BeginReloadAssembly (55ms)
			ExecutionOrderSort (0ms)
			DisableScriptedObjects (0ms)
			BackupInstance (0ms)
			ReleaseScriptingObjects (0ms)
			CreateAndSetChildDomain (1ms)
		EndReloadAssembly (334ms)
			LoadAssemblies (53ms)
			RebuildTransferFunctionScriptingTraits (0ms)
			SetupTypeCache (65ms)
			ReleaseScriptCaches (0ms)
			RebuildScriptCaches (18ms)
			SetupLoadedEditorAssemblies (215ms)
				LogAssemblyErrors (0ms)
				InitializePlatformSupportModulesInManaged (6ms)
				SetLoadedEditorAssemblies (0ms)
				RefreshPlugins (72ms)
				BeforeProcessingInitializeOnLoad (1ms)
				ProcessInitializeOnLoadAttributes (103ms)
				ProcessInitializeOnLoadMethodAttributes (32ms)
				AfterProcessingInitializeOnLoad (0ms)
				EditorAssembliesLoaded (0ms)
			ExecutionOrderSort2 (0ms)
			AwakeInstancesAfterBackupRestoration (0ms)
Platform modules already initialized, skipping
Registering precompiled user dll's ...
Registered in 0.005737 seconds.
Begin MonoManager ReloadAssembly
Symbol file LoadedFromMemory doesn't match image C:\Users\Lars\Documents\NTNU\Semester-5\Spillprogrammering\this-symbiotic-world-of-ours\This_Symbiotic_World_Of_Ours\Library\PackageCache\com.unity.visualscripting@1.7.8\Editor\VisualScripting.Core\Dependencies\YamlDotNet\Unity.VisualScripting.YamlDotNet.dll
Symbol file LoadedFromMemory doesn't match image C:\Users\Lars\Documents\NTNU\Semester-5\Spillprogrammering\this-symbiotic-world-of-ours\This_Symbiotic_World_Of_Ours\Library\PackageCache\com.unity.visualscripting@1.7.8\Editor\VisualScripting.Core\Dependencies\DotNetZip\Unity.VisualScripting.IonicZip.dll
Native extension for WindowsStandalone target not found
Refreshing native plugins compatible for Editor in 74.06 ms, found 4 plugins.
Preloading 0 native plugins for Editor in 0.00 ms.
Mono: successfully reloaded assembly
- Completed reload, in  0.900 seconds
Domain Reload Profiling:
	ReloadAssembly (901ms)
		BeginReloadAssembly (81ms)
			ExecutionOrderSort (0ms)
			DisableScriptedObjects (4ms)
			BackupInstance (0ms)
			ReleaseScriptingObjects (0ms)
			CreateAndSetChildDomain (15ms)
		EndReloadAssembly (734ms)
			LoadAssemblies (64ms)
			RebuildTransferFunctionScriptingTraits (0ms)
			SetupTypeCache (165ms)
			ReleaseScriptCaches (1ms)
			RebuildScriptCaches (41ms)
			SetupLoadedEditorAssemblies (425ms)
				LogAssemblyErrors (0ms)
				InitializePlatformSupportModulesInManaged (3ms)
				SetLoadedEditorAssemblies (0ms)
				RefreshPlugins (74ms)
				BeforeProcessingInitializeOnLoad (85ms)
				ProcessInitializeOnLoadAttributes (223ms)
				ProcessInitializeOnLoadMethodAttributes (33ms)
				AfterProcessingInitializeOnLoad (6ms)
				EditorAssembliesLoaded (0ms)
			ExecutionOrderSort2 (0ms)
			AwakeInstancesAfterBackupRestoration (5ms)
Platform modules already initialized, skipping
========================================================================
Worker process is ready to serve import requests
Launched and connected shader compiler UnityShaderCompiler.exe after 0.05 seconds
Refreshing native plugins compatible for Editor in 0.64 ms, found 4 plugins.
Preloading 0 native plugins for Editor in 0.00 ms.
Unloading 4255 Unused Serialized files (Serialized files now loaded: 0)
Unloading 66 unused Assets / (1.7 MB). Loaded Objects now: 4705.
Memory consumption went from 167.9 MB to 166.2 MB.
Total: 2.920000 ms (FindLiveObjects: 0.238700 ms CreateObjectMapping: 0.204700 ms MarkObjects: 2.188700 ms  DeleteObjects: 0.287300 ms)

AssetImportParameters requested are different than current active one (requested -> active):
  custom:video-decoder-ogg-theora: a1e56fd34408186e4bbccfd4996cb3dc -> 
  custom:container-muxer-webm: aa71ff27fc2769a1b78a27578f13a17b -> 
  custom:container-demuxer-webm: 4f35f7cbe854078d1ac9338744f61a02 -> 
  custom:video-encoder-webm-vp8: eb34c28f22e8b96e1ab97ce403110664 -> 
  custom:audio-encoder-webm-vorbis: bf7c407c2cedff20999df2af8eb42d56 -> 
  custom:framework-win-MediaFoundation: 216162199b28c13a410421893ffa2e32 -> 
  custom:container-demuxer-ogg: 62fdf1f143b41e24485cea50d1cbac27 -> 
  custom:video-decoder-webm-vp8: 9c59270c3fd7afecdb556c50c9e8de78 -> 
  custom:audio-decoder-ogg-vorbis: bf7c407c2cedff20999df2af8eb42d56 -> 
========================================================================
Received Import Request.
  Time since last request: 26468.167290 seconds.
  path: Assets/Sprites/Sprite Shape Profile.asset
  artifactKey: Guid(8e108591d63b2444d91870a955a64615) Importer(815301076,1909f56bfc062723c751e8b465ee728b)
Start importing Assets/Sprites/Sprite Shape Profile.asset using Guid(8e108591d63b2444d91870a955a64615) Importer(815301076,1909f56bfc062723c751e8b465ee728b)  -> (artifact id: 'ef099741688422710ab8e2adf17ecd47') in 0.028085 seconds 
========================================================================
Received Import Request.
  Time since last request: 11.821742 seconds.
  path: Assets/Sprites/Flat Platform.asset
  artifactKey: Guid(8e108591d63b2444d91870a955a64615) Importer(815301076,1909f56bfc062723c751e8b465ee728b)
Start importing Assets/Sprites/Flat Platform.asset using Guid(8e108591d63b2444d91870a955a64615) Importer(815301076,1909f56bfc062723c751e8b465ee728b)  -> (artifact id: '47b9a2651b0ebc57ca0af144e4bac079') in 0.006370 seconds 
========================================================================
Received Import Request.
  Time since last request: 36.000210 seconds.
  path: Packages/com.unity.2d.spriteshape/Editor/ObjectMenuCreation/DefaultAssets/Textures/Sprite Shape Corner.png
  artifactKey: Guid(608e61deb05c54660bebf5a4dd2ee02d) Importer(815301076,1909f56bfc062723c751e8b465ee728b)
Start importing Packages/com.unity.2d.spriteshape/Editor/ObjectMenuCreation/DefaultAssets/Textures/Sprite Shape Corner.png using Guid(608e61deb05c54660bebf5a4dd2ee02d) Importer(815301076,1909f56bfc062723c751e8b465ee728b)  -> (artifact id: 'efdd7ff4baa3a4ee7dae0f5cce25f49f') in 0.072994 seconds 
========================================================================
Received Import Request.
  Time since last request: 53.480714 seconds.
  path: Assets/Sprites/platform.png
  artifactKey: Guid(e8f9f419583f689479cf174156152207) Importer(815301076,1909f56bfc062723c751e8b465ee728b)
Start importing Assets/Sprites/platform.png using Guid(e8f9f419583f689479cf174156152207) Importer(815301076,1909f56bfc062723c751e8b465ee728b)  -> (artifact id: 'c13f5d031585dd20d881c622800f1a24') in 0.018782 seconds 
========================================================================
Received Import Request.
  Time since last request: 0.000023 seconds.
  path: Assets/Sprites/tile10.png
  artifactKey: Guid(742f852aafb19ce4ca43553a720436f5) Importer(815301076,1909f56bfc062723c751e8b465ee728b)
Start importing Assets/Sprites/tile10.png using Guid(742f852aafb19ce4ca43553a720436f5) Importer(815301076,1909f56bfc062723c751e8b465ee728b)  -> (artifact id: '3db481d06b43c7e06c959f83c72f2665') in 0.014390 seconds 
========================================================================
Received Import Request.
  Time since last request: 0.000020 seconds.
  path: Assets/Sprites/tile5.png
  artifactKey: Guid(b640dfa008e2ada429072d331cc76013) Importer(815301076,1909f56bfc062723c751e8b465ee728b)
Start importing Assets/Sprites/tile5.png using Guid(b640dfa008e2ada429072d331cc76013) Importer(815301076,1909f56bfc062723c751e8b465ee728b)  -> (artifact id: 'afec4bae6e0a5842aff9ac3703dd00bc') in 0.015263 seconds 
========================================================================
Received Import Request.
  Time since last request: 0.000018 seconds.
  path: Assets/Sprites/tile3.png
  artifactKey: Guid(61e576901b73c504b8efc4a0206228a0) Importer(815301076,1909f56bfc062723c751e8b465ee728b)
Start importing Assets/Sprites/tile3.png using Guid(61e576901b73c504b8efc4a0206228a0) Importer(815301076,1909f56bfc062723c751e8b465ee728b)  -> (artifact id: '01c816794e141c75dd4d197b97e16c34') in 0.011954 seconds 
========================================================================
Received Import Request.
  Time since last request: 0.000022 seconds.
  path: Assets/Sprites/tile6.png
  artifactKey: Guid(d6373845055ba51429f14cfb24d56162) Importer(815301076,1909f56bfc062723c751e8b465ee728b)
Start importing Assets/Sprites/tile6.png using Guid(d6373845055ba51429f14cfb24d56162) Importer(815301076,1909f56bfc062723c751e8b465ee728b)  -> (artifact id: '0596e236d7f67ae0e3ecb9244e0ecc94') in 0.014484 seconds 
========================================================================
Received Import Request.
  Time since last request: 51.432372 seconds.
  path: Packages/com.unity.2d.spriteshape/Editor/ObjectMenuCreation/DefaultAssets/Sprite Shape Profiles/Sprite Shape Profile.asset
  artifactKey: Guid(f24cddf7c09a6442abbce710a6fd7397) Importer(815301076,1909f56bfc062723c751e8b465ee728b)
Start importing Packages/com.unity.2d.spriteshape/Editor/ObjectMenuCreation/DefaultAssets/Sprite Shape Profiles/Sprite Shape Profile.asset using Guid(f24cddf7c09a6442abbce710a6fd7397) Importer(815301076,1909f56bfc062723c751e8b465ee728b)  -> (artifact id: '54a1655ea2fcd8c5a5cedaf78532eefc') in 0.002803 seconds 
========================================================================
Received Import Request.
  Time since last request: 161.188753 seconds.
  path: Assets/Sprites/tileset.png
  artifactKey: Guid(5f7b2a6e5c72027498bd023065a4b0cf) Importer(815301076,1909f56bfc062723c751e8b465ee728b)
Start importing Assets/Sprites/tileset.png using Guid(5f7b2a6e5c72027498bd023065a4b0cf) Importer(815301076,1909f56bfc062723c751e8b465ee728b)  -> (artifact id: '2eab52bba13b4c3c3359ff4e5282fb8e') in 0.014040 seconds 
========================================================================
Received Import Request.
  Time since last request: 18.923057 seconds.
  path: Assets/Sprites/Flat Platform.asset
  artifactKey: Guid(e557c3ec7d103974599510d12d7c586b) Importer(815301076,1909f56bfc062723c751e8b465ee728b)
Start importing Assets/Sprites/Flat Platform.asset using Guid(e557c3ec7d103974599510d12d7c586b) Importer(815301076,1909f56bfc062723c751e8b465ee728b)  -> (artifact id: 'fbd81d0016e23d9524801ffa2c0105bb') in 0.003280 seconds 
========================================================================
Received Import Request.
  Time since last request: 102.892501 seconds.
  path: Assets/Sprites/Flat Platform.asset
  artifactKey: Guid(269294de47440ac4b9a1a31cf6be6bc5) Importer(815301076,1909f56bfc062723c751e8b465ee728b)
Start importing Assets/Sprites/Flat Platform.asset using Guid(269294de47440ac4b9a1a31cf6be6bc5) Importer(815301076,1909f56bfc062723c751e8b465ee728b)  -> (artifact id: '77f9d55a9a06c056ba70a7ac671f6430') in 0.003186 seconds 
========================================================================
Received Import Request.
  Time since last request: 51.028322 seconds.
  path: Assets/Sprites/platform.png
  artifactKey: Guid(e8f9f419583f689479cf174156152207) Importer(815301076,1909f56bfc062723c751e8b465ee728b)
Start importing Assets/Sprites/platform.png using Guid(e8f9f419583f689479cf174156152207) Importer(815301076,1909f56bfc062723c751e8b465ee728b)  -> (artifact id: '36c8f876ffd55207930f5506c3541aa4') in 0.032195 seconds 
========================================================================
Received Import Request.
  Time since last request: 1151.251865 seconds.
  path: Assets/Sprites/Flat Platform.asset
  artifactKey: Guid(269294de47440ac4b9a1a31cf6be6bc5) Importer(815301076,1909f56bfc062723c751e8b465ee728b)
Start importing Assets/Sprites/Flat Platform.asset using Guid(269294de47440ac4b9a1a31cf6be6bc5) Importer(815301076,1909f56bfc062723c751e8b465ee728b)  -> (artifact id: '07e184d08d2e6d0f8e946c14ecba779c') in 0.002965 seconds 
