Using pre-set license
Built from '2021.3/staging' branch; Version is '2021.3.10f1 (1c7d0df0160b) revision 1867021'; Using compiler version '192829333'; Build Type 'Release'
OS: 'Windows 10  (10.0.19044) 64bit EducationN' Language: 'no' Physical Memory: 32683 MB
BatchMode: 1, IsHumanControllingUs: 0, StartBugReporterOnCrash: 0, Is64bit: 1, IsPro: 1

COMMAND LINE ARGUMENTS:
C:\Program Files\Unity\Hub\Editor\2021.3.10f1\Editor\Unity.exe
-adb2
-batchMode
-noUpm
-name
AssetImportWorker3
-projectPath
C:/Users/Lars/Documents/NTNU/Semester-5/Spillprogrammering/this-symbiotic-world-of-ours/This_Symbiotic_World_Of_Ours
-logFile
Logs/AssetImportWorker3.log
-srvPort
64689
Successfully changed project path to: C:/Users/Lars/Documents/NTNU/Semester-5/Spillprogrammering/this-symbiotic-world-of-ours/This_Symbiotic_World_Of_Ours
C:/Users/Lars/Documents/NTNU/Semester-5/Spillprogrammering/this-symbiotic-world-of-ours/This_Symbiotic_World_Of_Ours
[UnityMemory] Configuration Parameters - Can be set up in boot.config
    "memorysetup-bucket-allocator-granularity=16"
    "memorysetup-bucket-allocator-bucket-count=8"
    "memorysetup-bucket-allocator-block-size=33554432"
    "memorysetup-bucket-allocator-block-count=8"
    "memorysetup-main-allocator-block-size=16777216"
    "memorysetup-thread-allocator-block-size=16777216"
    "memorysetup-gfx-main-allocator-block-size=16777216"
    "memorysetup-gfx-thread-allocator-block-size=16777216"
    "memorysetup-cache-allocator-block-size=4194304"
    "memorysetup-typetree-allocator-block-size=2097152"
    "memorysetup-profiler-bucket-allocator-granularity=16"
    "memorysetup-profiler-bucket-allocator-bucket-count=8"
    "memorysetup-profiler-bucket-allocator-block-size=33554432"
    "memorysetup-profiler-bucket-allocator-block-count=8"
    "memorysetup-profiler-allocator-block-size=16777216"
    "memorysetup-profiler-editor-allocator-block-size=1048576"
    "memorysetup-temp-allocator-size-main=16777216"
    "memorysetup-job-temp-allocator-block-size=2097152"
    "memorysetup-job-temp-allocator-block-size-background=1048576"
    "memorysetup-job-temp-allocator-reduction-small-platforms=262144"
    "memorysetup-temp-allocator-size-background-worker=32768"
    "memorysetup-temp-allocator-size-job-worker=262144"
    "memorysetup-temp-allocator-size-preload-manager=33554432"
    "memorysetup-temp-allocator-size-nav-mesh-worker=65536"
    "memorysetup-temp-allocator-size-audio-worker=65536"
    "memorysetup-temp-allocator-size-cloud-worker=32768"
    "memorysetup-temp-allocator-size-gi-baking-worker=262144"
    "memorysetup-temp-allocator-size-gfx=262144"
Refreshing native plugins compatible for Editor in 86.23 ms, found 4 plugins.
Preloading 0 native plugins for Editor in 0.00 ms.
Initialize engine version: 2021.3.10f1 (1c7d0df0160b)
[Subsystems] Discovering subsystems at path C:/Program Files/Unity/Hub/Editor/2021.3.10f1/Editor/Data/Resources/UnitySubsystems
[Subsystems] Discovering subsystems at path C:/Users/Lars/Documents/NTNU/Semester-5/Spillprogrammering/this-symbiotic-world-of-ours/This_Symbiotic_World_Of_Ours/Assets
GfxDevice: creating device client; threaded=0; jobified=0
Direct3D:
    Version:  Direct3D 11.0 [level 11.1]
    Renderer: NVIDIA GeForce RTX 3080 Ti (ID=0x2208)
    Vendor:   NVIDIA
    VRAM:     12108 MB
    Driver:   31.0.15.1694
Initialize mono
Mono path[0] = 'C:/Program Files/Unity/Hub/Editor/2021.3.10f1/Editor/Data/Managed'
Mono path[1] = 'C:/Program Files/Unity/Hub/Editor/2021.3.10f1/Editor/Data/MonoBleedingEdge/lib/mono/unityjit-win32'
Mono config path = 'C:/Program Files/Unity/Hub/Editor/2021.3.10f1/Editor/Data/MonoBleedingEdge/etc'
Using monoOptions --debugger-agent=transport=dt_socket,embedding=1,server=y,suspend=n,address=127.0.0.1:56948
Begin MonoManager ReloadAssembly
Registering precompiled unity dll's ...
Register platform support module: C:/Program Files/Unity/Hub/Editor/2021.3.10f1/Editor/Data/PlaybackEngines/WindowsStandaloneSupport/UnityEditor.WindowsStandalone.Extensions.dll
Registered in 0.004866 seconds.
Native extension for WindowsStandalone target not found
Refreshing native plugins compatible for Editor in 75.58 ms, found 4 plugins.
Preloading 0 native plugins for Editor in 0.00 ms.
Mono: successfully reloaded assembly
- Completed reload, in  0.496 seconds
Domain Reload Profiling:
	ReloadAssembly (496ms)
		BeginReloadAssembly (61ms)
			ExecutionOrderSort (0ms)
			DisableScriptedObjects (0ms)
			BackupInstance (0ms)
			ReleaseScriptingObjects (0ms)
			CreateAndSetChildDomain (1ms)
		EndReloadAssembly (356ms)
			LoadAssemblies (59ms)
			RebuildTransferFunctionScriptingTraits (0ms)
			SetupTypeCache (73ms)
			ReleaseScriptCaches (0ms)
			RebuildScriptCaches (21ms)
			SetupLoadedEditorAssemblies (223ms)
				LogAssemblyErrors (0ms)
				InitializePlatformSupportModulesInManaged (6ms)
				SetLoadedEditorAssemblies (0ms)
				RefreshPlugins (76ms)
				BeforeProcessingInitializeOnLoad (1ms)
				ProcessInitializeOnLoadAttributes (104ms)
				ProcessInitializeOnLoadMethodAttributes (36ms)
				AfterProcessingInitializeOnLoad (0ms)
				EditorAssembliesLoaded (0ms)
			ExecutionOrderSort2 (0ms)
			AwakeInstancesAfterBackupRestoration (0ms)
Platform modules already initialized, skipping
Registering precompiled user dll's ...
Registered in 0.006410 seconds.
Begin MonoManager ReloadAssembly
Symbol file LoadedFromMemory doesn't match image C:\Users\Lars\Documents\NTNU\Semester-5\Spillprogrammering\this-symbiotic-world-of-ours\This_Symbiotic_World_Of_Ours\Library\PackageCache\com.unity.visualscripting@1.7.8\Editor\VisualScripting.Core\Dependencies\YamlDotNet\Unity.VisualScripting.YamlDotNet.dll
Symbol file LoadedFromMemory doesn't match image C:\Users\Lars\Documents\NTNU\Semester-5\Spillprogrammering\this-symbiotic-world-of-ours\This_Symbiotic_World_Of_Ours\Library\PackageCache\com.unity.visualscripting@1.7.8\Editor\VisualScripting.Core\Dependencies\DotNetZip\Unity.VisualScripting.IonicZip.dll
Native extension for WindowsStandalone target not found
Refreshing native plugins compatible for Editor in 81.53 ms, found 4 plugins.
Preloading 0 native plugins for Editor in 0.00 ms.
Mono: successfully reloaded assembly
- Completed reload, in  0.995 seconds
Domain Reload Profiling:
	ReloadAssembly (996ms)
		BeginReloadAssembly (87ms)
			ExecutionOrderSort (0ms)
			DisableScriptedObjects (4ms)
			BackupInstance (0ms)
			ReleaseScriptingObjects (0ms)
			CreateAndSetChildDomain (15ms)
		EndReloadAssembly (809ms)
			LoadAssemblies (70ms)
			RebuildTransferFunctionScriptingTraits (0ms)
			SetupTypeCache (187ms)
			ReleaseScriptCaches (1ms)
			RebuildScriptCaches (45ms)
			SetupLoadedEditorAssemblies (466ms)
				LogAssemblyErrors (0ms)
				InitializePlatformSupportModulesInManaged (4ms)
				SetLoadedEditorAssemblies (0ms)
				RefreshPlugins (82ms)
				BeforeProcessingInitializeOnLoad (93ms)
				ProcessInitializeOnLoadAttributes (250ms)
				ProcessInitializeOnLoadMethodAttributes (32ms)
				AfterProcessingInitializeOnLoad (6ms)
				EditorAssembliesLoaded (0ms)
			ExecutionOrderSort2 (0ms)
			AwakeInstancesAfterBackupRestoration (7ms)
Platform modules already initialized, skipping
========================================================================
Worker process is ready to serve import requests
Launched and connected shader compiler UnityShaderCompiler.exe after 0.05 seconds
Refreshing native plugins compatible for Editor in 0.71 ms, found 4 plugins.
Preloading 0 native plugins for Editor in 0.00 ms.
Unloading 4255 Unused Serialized files (Serialized files now loaded: 0)
Unloading 66 unused Assets / (1.7 MB). Loaded Objects now: 4705.
Memory consumption went from 167.9 MB to 166.2 MB.
Total: 3.998300 ms (FindLiveObjects: 0.284600 ms CreateObjectMapping: 0.384600 ms MarkObjects: 3.016500 ms  DeleteObjects: 0.311700 ms)

AssetImportParameters requested are different than current active one (requested -> active):
  custom:video-decoder-ogg-theora: a1e56fd34408186e4bbccfd4996cb3dc -> 
  custom:container-muxer-webm: aa71ff27fc2769a1b78a27578f13a17b -> 
  custom:container-demuxer-webm: 4f35f7cbe854078d1ac9338744f61a02 -> 
  custom:video-encoder-webm-vp8: eb34c28f22e8b96e1ab97ce403110664 -> 
  custom:audio-encoder-webm-vorbis: bf7c407c2cedff20999df2af8eb42d56 -> 
  custom:framework-win-MediaFoundation: 216162199b28c13a410421893ffa2e32 -> 
  custom:container-demuxer-ogg: 62fdf1f143b41e24485cea50d1cbac27 -> 
  custom:video-decoder-webm-vp8: 9c59270c3fd7afecdb556c50c9e8de78 -> 
  custom:audio-decoder-ogg-vorbis: bf7c407c2cedff20999df2af8eb42d56 -> 
========================================================================
Received Import Request.
  Time since last request: 26384.261992 seconds.
  path: Assets/Sprites/9Slize2.png
  artifactKey: Guid(97d96a5c4d1202644a717afe57c15242) Importer(815301076,1909f56bfc062723c751e8b465ee728b)
Start importing Assets/Sprites/9Slize2.png using Guid(97d96a5c4d1202644a717afe57c15242) Importer(815301076,1909f56bfc062723c751e8b465ee728b)  -> (artifact id: 'b516e2b1ed2e58f5ca4690bb5bfbca7b') in 0.084745 seconds 
========================================================================
Received Import Request.
  Time since last request: 0.000019 seconds.
  path: Assets/Sprites/other1.png
  artifactKey: Guid(67696e89a8a1755438c3170f0493d0b1) Importer(815301076,1909f56bfc062723c751e8b465ee728b)
Start importing Assets/Sprites/other1.png using Guid(67696e89a8a1755438c3170f0493d0b1) Importer(815301076,1909f56bfc062723c751e8b465ee728b)  -> (artifact id: '1edc5c0057499a3948b09c55023f9ede') in 0.010998 seconds 
========================================================================
Received Import Request.
  Time since last request: 0.000029 seconds.
  path: Assets/Sprites/vertical_platform2.png
  artifactKey: Guid(325883d21cc5d6243ba7cd5bf3941fe2) Importer(815301076,1909f56bfc062723c751e8b465ee728b)
Start importing Assets/Sprites/vertical_platform2.png using Guid(325883d21cc5d6243ba7cd5bf3941fe2) Importer(815301076,1909f56bfc062723c751e8b465ee728b)  -> (artifact id: '970c733f07187ffbe5f393227c719592') in 0.011887 seconds 
========================================================================
Received Import Request.
  Time since last request: 0.000017 seconds.
  path: Assets/Sprites/Tileset.png
  artifactKey: Guid(5f7b2a6e5c72027498bd023065a4b0cf) Importer(815301076,1909f56bfc062723c751e8b465ee728b)
Start importing Assets/Sprites/Tileset.png using Guid(5f7b2a6e5c72027498bd023065a4b0cf) Importer(815301076,1909f56bfc062723c751e8b465ee728b)  -> (artifact id: '2af08553b2ff866c61ff13d41d30a8d1') in 0.011367 seconds 
========================================================================
Received Import Request.
  Time since last request: 0.000017 seconds.
  path: Assets/Sprites/horizontal_platform2.png
  artifactKey: Guid(a70fcb2dccb5d1e40b2fcb43308027a7) Importer(815301076,1909f56bfc062723c751e8b465ee728b)
Start importing Assets/Sprites/horizontal_platform2.png using Guid(a70fcb2dccb5d1e40b2fcb43308027a7) Importer(815301076,1909f56bfc062723c751e8b465ee728b)  -> (artifact id: '4d424429edd9735bd0b7419efa4ffc62') in 0.009141 seconds 
========================================================================
Received Import Request.
  Time since last request: 0.000019 seconds.
  path: Assets/Sprites/slope_long_r3.png
  artifactKey: Guid(582c6384d5c79f24aaabeaceb9a667f4) Importer(815301076,1909f56bfc062723c751e8b465ee728b)
Start importing Assets/Sprites/slope_long_r3.png using Guid(582c6384d5c79f24aaabeaceb9a667f4) Importer(815301076,1909f56bfc062723c751e8b465ee728b)  -> (artifact id: '37a3b210964a2de954969ca76cb00ba3') in 0.008802 seconds 
========================================================================
Received Import Request.
  Time since last request: 0.000022 seconds.
  path: Assets/Sprites/vertical_platform3.png
  artifactKey: Guid(02aa4d60345a2eb4cbd010d9404c95de) Importer(815301076,1909f56bfc062723c751e8b465ee728b)
Start importing Assets/Sprites/vertical_platform3.png using Guid(02aa4d60345a2eb4cbd010d9404c95de) Importer(815301076,1909f56bfc062723c751e8b465ee728b)  -> (artifact id: 'fb43e5c94aa76b7683d7c18d7597bfe4') in 0.008267 seconds 
========================================================================
Received Import Request.
  Time since last request: 0.000018 seconds.
  path: Assets/Sprites/slope_l1.png
  artifactKey: Guid(c592300198188ec4180b6a405db8f874) Importer(815301076,1909f56bfc062723c751e8b465ee728b)
Start importing Assets/Sprites/slope_l1.png using Guid(c592300198188ec4180b6a405db8f874) Importer(815301076,1909f56bfc062723c751e8b465ee728b)  -> (artifact id: '3df78db09798d3acd8c503fdcda0aee7') in 0.009546 seconds 
========================================================================
Received Import Request.
  Time since last request: 0.000016 seconds.
  path: Assets/Sprites/slope_long_l3.png
  artifactKey: Guid(1a5f15aa177d226488ae3c1fc3ed9f75) Importer(815301076,1909f56bfc062723c751e8b465ee728b)
Start importing Assets/Sprites/slope_long_l3.png using Guid(1a5f15aa177d226488ae3c1fc3ed9f75) Importer(815301076,1909f56bfc062723c751e8b465ee728b)  -> (artifact id: '807341b5ccc0d4fe9552859a314fa040') in 0.009661 seconds 
========================================================================
Received Import Request.
  Time since last request: 0.000018 seconds.
  path: Assets/Sprites/slope_r2.png
  artifactKey: Guid(cb92605497d289b42a2f9b9f4f53abfa) Importer(815301076,1909f56bfc062723c751e8b465ee728b)
Start importing Assets/Sprites/slope_r2.png using Guid(cb92605497d289b42a2f9b9f4f53abfa) Importer(815301076,1909f56bfc062723c751e8b465ee728b)  -> (artifact id: '298db74a70b547401dfedc7aa9603c30') in 0.010461 seconds 
========================================================================
Received Import Request.
  Time since last request: 0.000020 seconds.
  path: Assets/Sprites/preview.png
  artifactKey: Guid(d8e3207e0fc4d1e4fb54c8452df802a4) Importer(815301076,1909f56bfc062723c751e8b465ee728b)
Start importing Assets/Sprites/preview.png using Guid(d8e3207e0fc4d1e4fb54c8452df802a4) Importer(815301076,1909f56bfc062723c751e8b465ee728b)  -> (artifact id: '99872ff33a4f8ec5bda0af0dc2ae70fa') in 0.021393 seconds 
========================================================================
Received Import Request.
  Time since last request: 0.000023 seconds.
  path: Assets/Sprites/9Slize5.png
  artifactKey: Guid(0854c5628a3a9f54780a22cb6f78fa26) Importer(815301076,1909f56bfc062723c751e8b465ee728b)
Start importing Assets/Sprites/9Slize5.png using Guid(0854c5628a3a9f54780a22cb6f78fa26) Importer(815301076,1909f56bfc062723c751e8b465ee728b)  -> (artifact id: 'accf0db183ce38e4a5d5b18feb5e3b71') in 0.010794 seconds 
========================================================================
Received Import Request.
  Time since last request: 0.000017 seconds.
  path: Assets/Sprites/vertical_platform1.png
  artifactKey: Guid(4f0422e70c2f3794e808463696356f3e) Importer(815301076,1909f56bfc062723c751e8b465ee728b)
Start importing Assets/Sprites/vertical_platform1.png using Guid(4f0422e70c2f3794e808463696356f3e) Importer(815301076,1909f56bfc062723c751e8b465ee728b)  -> (artifact id: 'f0766b29a6f9c53f7ca580f9b04446ce') in 0.010534 seconds 
========================================================================
Received Import Request.
  Time since last request: 0.000018 seconds.
  path: Assets/Sprites/9Slize3.png
  artifactKey: Guid(8f83263c3fe8382459ea1cea9c8f35ab) Importer(815301076,1909f56bfc062723c751e8b465ee728b)
Start importing Assets/Sprites/9Slize3.png using Guid(8f83263c3fe8382459ea1cea9c8f35ab) Importer(815301076,1909f56bfc062723c751e8b465ee728b)  -> (artifact id: '1409aab2d19d20d3d870f2f9ca18a7e0') in 0.009409 seconds 
========================================================================
Received Import Request.
  Time since last request: 0.000027 seconds.
  path: Assets/Sprites/single.png
  artifactKey: Guid(3d526833758c8f141846c97d85e7be7b) Importer(815301076,1909f56bfc062723c751e8b465ee728b)
Start importing Assets/Sprites/single.png using Guid(3d526833758c8f141846c97d85e7be7b) Importer(815301076,1909f56bfc062723c751e8b465ee728b)  -> (artifact id: '718ace7cb229f398458bccfabfc70f5e') in 0.011051 seconds 
========================================================================
Received Import Request.
  Time since last request: 0.000021 seconds.
  path: Assets/Sprites/slope_long_r2.png
  artifactKey: Guid(ab8ca9683107b1e41be775d81ba91ba6) Importer(815301076,1909f56bfc062723c751e8b465ee728b)
Start importing Assets/Sprites/slope_long_r2.png using Guid(ab8ca9683107b1e41be775d81ba91ba6) Importer(815301076,1909f56bfc062723c751e8b465ee728b)  -> (artifact id: '583837561dd0145ab67889893b32b453') in 0.012033 seconds 
========================================================================
Received Import Request.
  Time since last request: 0.000020 seconds.
  path: Assets/Sprites/inner_buttom_right.png
  artifactKey: Guid(8f11263e67e58604b9539d3bf18506bc) Importer(815301076,1909f56bfc062723c751e8b465ee728b)
Start importing Assets/Sprites/inner_buttom_right.png using Guid(8f11263e67e58604b9539d3bf18506bc) Importer(815301076,1909f56bfc062723c751e8b465ee728b)  -> (artifact id: '36e8bf3ac7201cb35deb55732b62f8d2') in 0.009206 seconds 
Editor requested this worker to shutdown with reason: Scaling down because of idle timeout
AssetImportWorker is now disconnected from the server
Process exiting
Exiting without the bug reporter. Application will terminate with return code 0